3/19/2020 9:03:57 PM	This log contains information about the import schema operation into project 'MathsQuizDatabase' on computer 'DESKTOP-4QL75N1' by user 'jlfly'.
3/19/2020 9:03:57 PM	Import of database schema has started.
3/19/2020 9:04:08 PM	Gathering database credentials
3/19/2020 9:04:08 PM	Gathering database options
3/19/2020 9:04:08 PM	Gathering generic database scoped configuration option
3/19/2020 9:04:08 PM	Gathering users
3/19/2020 9:04:08 PM	Gathering roles
3/19/2020 9:04:08 PM	Gathering application roles
3/19/2020 9:04:08 PM	Gathering role memberships
3/19/2020 9:04:08 PM	Gathering filegroups
3/19/2020 9:04:08 PM	Gathering full-text catalogs
3/19/2020 9:04:08 PM	Gathering assemblies
3/19/2020 9:04:08 PM	Gathering certificates
3/19/2020 9:04:08 PM	Gathering asymmetric keys
3/19/2020 9:04:08 PM	Gathering symmetric keys
3/19/2020 9:04:08 PM	Gathering encrypted symmetric keys
3/19/2020 9:04:08 PM	Gathering schemas
3/19/2020 9:04:09 PM	Gathering XML schema collections
3/19/2020 9:04:09 PM	Gathering user-defined data types
3/19/2020 9:04:09 PM	Gathering user-defined types
3/19/2020 9:04:09 PM	Gathering table types
3/19/2020 9:04:09 PM	Gathering unique keys for table types
3/19/2020 9:04:09 PM	Gathering primary keys for table types
3/19/2020 9:04:09 PM	Gathering indexes for table types
3/19/2020 9:04:41 PM	Gathering check constraints for table types
3/19/2020 9:04:41 PM	Gathering default constraints for table types
3/19/2020 9:04:41 PM	Gathering partition functions
3/19/2020 9:04:41 PM	Gathering partition schemes
3/19/2020 9:04:41 PM	Gathering functions
3/19/2020 9:04:41 PM	Gathering encrypted functions
3/19/2020 9:04:41 PM	Gathering aggregates
3/19/2020 9:04:41 PM	Gathering procedures
3/19/2020 9:04:41 PM	Gathering encrypted procedures
3/19/2020 9:04:41 PM	Gathering tables
3/19/2020 9:04:41 PM	Gathering primary keys
3/19/2020 9:04:41 PM	Gathering unique constraints
3/19/2020 9:04:41 PM	Gathering foreign keys
3/19/2020 9:04:51 PM	Gathering default constraints
3/19/2020 9:04:51 PM	Gathering check constraints
3/19/2020 9:04:51 PM	Gathering views
3/19/2020 9:04:51 PM	Gathering encrypted views
3/19/2020 9:04:51 PM	Gathering indexes
3/19/2020 9:04:51 PM	Gathering statistics
3/19/2020 9:04:51 PM	Gathering full-text index stoplists
3/19/2020 9:04:51 PM	Gathering search property lists
3/19/2020 9:04:51 PM	Gathering search properties
3/19/2020 9:04:51 PM	Gathering full-text indexes
3/19/2020 9:04:51 PM	Gathering column store indexes
3/19/2020 9:04:51 PM	Gathering spatial indexes
3/19/2020 9:04:51 PM	Gathering XML indexes
3/19/2020 9:04:51 PM	Gathering Selective XML indexes
3/19/2020 9:04:51 PM	Gathering encrypted triggers
3/19/2020 9:04:51 PM	Gathering triggers
3/19/2020 9:04:51 PM	Gathering encrypted and clr ddl triggers
3/19/2020 9:04:51 PM	Gathering ddl triggers
3/19/2020 9:05:11 PM	Creating edge constraints
3/19/2020 9:05:11 PM	Gathering synonyms
3/19/2020 9:05:11 PM	Gathering defaults
3/19/2020 9:05:11 PM	Gathering data constraint uddt bindings
3/19/2020 9:05:11 PM	Gathering rules
3/19/2020 9:05:11 PM	Gathering data constraint uddt bindings
3/19/2020 9:05:11 PM	Gathering message types
3/19/2020 9:05:11 PM	Gathering queues
3/19/2020 9:05:11 PM	Gathering contracts
3/19/2020 9:05:11 PM	Gathering services
3/19/2020 9:05:11 PM	Gathering event notifications
3/19/2020 9:05:11 PM	Gathering remote service bindings
3/19/2020 9:05:11 PM	Gathering broker priorities
3/19/2020 9:05:11 PM	Gathering signatures
3/19/2020 9:05:11 PM	Gathering data compression options
3/19/2020 9:05:11 PM	Gathering sequence types
3/19/2020 9:05:11 PM	Gathering security policies
3/19/2020 9:05:11 PM	Gather column encryption keys
3/19/2020 9:05:11 PM	Gathering column master keys
3/19/2020 9:05:11 PM	Gathering external data sources
3/19/2020 9:05:11 PM	Gathering external file formats
3/19/2020 9:05:11 PM	Gathering external tables
3/19/2020 9:05:11 PM	Gathering extended properties
3/19/2020 9:05:11 PM	Gathering credentials
3/19/2020 9:05:11 PM	Gathering logins
3/19/2020 9:05:11 PM	Gathering server audits
3/19/2020 9:05:12 PM	Scanning project for duplicate elements
3/19/2020 9:05:12 PM	Finished duplicate element processing
3/19/2020 9:05:12 PM	Finished importing database.
3/19/2020 9:05:12 PM	A summary of the import was saved to the following location: C:\Users\jlfly\Desktop\repos\dotnet-projects\MathsQuiz\MathsQuizDatabase\Import Schema Logs\MathsQuizDatabase_20200320010357.log
3/19/2020 9:05:12 PM	Click Finish to continue...
