3/17/2020 11:48:18 PM	This log contains information about the import schema operation into project 'MathsQuizDatabase' on computer 'DESKTOP-4QL75N1' by user 'jlfly'.
3/17/2020 11:48:18 PM	Import of database schema has started.
3/17/2020 11:48:24 PM	Gathering database credentials
3/17/2020 11:48:24 PM	Gathering database options
3/17/2020 11:48:24 PM	Gathering generic database scoped configuration option
3/17/2020 11:48:24 PM	Gathering users
3/17/2020 11:48:24 PM	Gathering roles
3/17/2020 11:48:24 PM	Gathering application roles
3/17/2020 11:48:24 PM	Gathering role memberships
3/17/2020 11:48:24 PM	Gathering filegroups
3/17/2020 11:48:24 PM	Gathering full-text catalogs
3/17/2020 11:48:24 PM	Gathering assemblies
3/17/2020 11:48:24 PM	Gathering certificates
3/17/2020 11:48:24 PM	Gathering asymmetric keys
3/17/2020 11:48:24 PM	Gathering symmetric keys
3/17/2020 11:48:24 PM	Gathering encrypted symmetric keys
3/17/2020 11:48:24 PM	Gathering schemas
3/17/2020 11:48:24 PM	Gathering XML schema collections
3/17/2020 11:48:24 PM	Gathering user-defined data types
3/17/2020 11:48:24 PM	Gathering user-defined types
3/17/2020 11:48:24 PM	Gathering table types
3/17/2020 11:48:24 PM	Gathering unique keys for table types
3/17/2020 11:48:24 PM	Gathering primary keys for table types
3/17/2020 11:48:24 PM	Gathering indexes for table types
3/17/2020 11:48:24 PM	Gathering check constraints for table types
3/17/2020 11:48:24 PM	Gathering default constraints for table types
3/17/2020 11:48:24 PM	Gathering partition functions
3/17/2020 11:48:24 PM	Gathering partition schemes
3/17/2020 11:48:24 PM	Gathering functions
3/17/2020 11:48:24 PM	Gathering encrypted functions
3/17/2020 11:48:24 PM	Gathering aggregates
3/17/2020 11:48:24 PM	Gathering procedures
3/17/2020 11:48:24 PM	Gathering encrypted procedures
3/17/2020 11:48:24 PM	Gathering tables
3/17/2020 11:48:24 PM	Gathering primary keys
3/17/2020 11:48:24 PM	Gathering unique constraints
3/17/2020 11:48:24 PM	Gathering foreign keys
3/17/2020 11:48:24 PM	Gathering default constraints
3/17/2020 11:48:24 PM	Gathering check constraints
3/17/2020 11:48:24 PM	Gathering views
3/17/2020 11:48:24 PM	Gathering encrypted views
3/17/2020 11:48:24 PM	Gathering indexes
3/17/2020 11:48:24 PM	Gathering statistics
3/17/2020 11:48:24 PM	Gathering full-text index stoplists
3/17/2020 11:48:24 PM	Gathering search property lists
3/17/2020 11:48:24 PM	Gathering search properties
3/17/2020 11:48:24 PM	Gathering full-text indexes
3/17/2020 11:48:24 PM	Gathering column store indexes
3/17/2020 11:48:24 PM	Gathering spatial indexes
3/17/2020 11:48:24 PM	Gathering XML indexes
3/17/2020 11:48:25 PM	Gathering Selective XML indexes
3/17/2020 11:48:25 PM	Gathering encrypted triggers
3/17/2020 11:48:25 PM	Gathering triggers
3/17/2020 11:48:25 PM	Gathering encrypted and clr ddl triggers
3/17/2020 11:48:25 PM	Gathering ddl triggers
3/17/2020 11:48:25 PM	Creating edge constraints
3/17/2020 11:48:25 PM	Gathering synonyms
3/17/2020 11:48:25 PM	Gathering defaults
3/17/2020 11:48:25 PM	Gathering data constraint uddt bindings
3/17/2020 11:48:25 PM	Gathering rules
3/17/2020 11:48:25 PM	Gathering data constraint uddt bindings
3/17/2020 11:48:25 PM	Gathering message types
3/17/2020 11:48:25 PM	Gathering queues
3/17/2020 11:48:25 PM	Gathering contracts
3/17/2020 11:48:25 PM	Gathering services
3/17/2020 11:48:25 PM	Gathering event notifications
3/17/2020 11:48:25 PM	Gathering remote service bindings
3/17/2020 11:48:25 PM	Gathering broker priorities
3/17/2020 11:48:25 PM	Gathering signatures
3/17/2020 11:48:25 PM	Gathering data compression options
3/17/2020 11:48:25 PM	Gathering sequence types
3/17/2020 11:48:25 PM	Gathering security policies
3/17/2020 11:48:25 PM	Gather column encryption keys
3/17/2020 11:48:25 PM	Gathering column master keys
3/17/2020 11:48:25 PM	Gathering external data sources
3/17/2020 11:48:25 PM	Gathering external file formats
3/17/2020 11:48:25 PM	Gathering external tables
3/17/2020 11:48:25 PM	Gathering extended properties
3/17/2020 11:48:25 PM	Gathering credentials
3/17/2020 11:48:25 PM	Gathering logins
3/17/2020 11:48:25 PM	Gathering server audits
3/17/2020 11:48:25 PM	Finished importing database.
3/17/2020 11:48:25 PM	A summary of the import was saved to the following location: C:\Users\jlfly\Desktop\repos\dotnet-projects\MathsQuiz\MathsQuizDatabase\Import Schema Logs\MathsQuizDatabase_20200318034818.log
3/17/2020 11:48:25 PM	Click Finish to continue...
