3/30/2020 11:19:26 AM	This log contains information about the import schema operation into project 'BurglerDatabase' on computer 'DESKTOP-4QL75N1' by user 'jlfly'.
3/30/2020 11:19:26 AM	Import of database schema has started.
3/30/2020 11:19:38 AM	Gathering database credentials
3/30/2020 11:19:38 AM	Gathering database options
3/30/2020 11:19:38 AM	Gathering generic database scoped configuration option
3/30/2020 11:19:38 AM	Gathering users
3/30/2020 11:19:38 AM	Gathering roles
3/30/2020 11:19:38 AM	Gathering application roles
3/30/2020 11:19:38 AM	Gathering role memberships
3/30/2020 11:19:38 AM	Gathering filegroups
3/30/2020 11:19:38 AM	Gathering full-text catalogs
3/30/2020 11:19:38 AM	Gathering assemblies
3/30/2020 11:19:38 AM	Gathering certificates
3/30/2020 11:19:38 AM	Gathering asymmetric keys
3/30/2020 11:19:38 AM	Gathering symmetric keys
3/30/2020 11:19:38 AM	Gathering encrypted symmetric keys
3/30/2020 11:19:38 AM	Gathering schemas
3/30/2020 11:19:38 AM	Gathering XML schema collections
3/30/2020 11:19:38 AM	Gathering user-defined data types
3/30/2020 11:19:38 AM	Gathering user-defined types
3/30/2020 11:19:38 AM	Gathering table types
3/30/2020 11:19:38 AM	Gathering unique keys for table types
3/30/2020 11:19:38 AM	Gathering primary keys for table types
3/30/2020 11:19:38 AM	Gathering indexes for table types
3/30/2020 11:20:42 AM	Gathering check constraints for table types
3/30/2020 11:20:42 AM	Gathering default constraints for table types
3/30/2020 11:20:42 AM	Gathering partition functions
3/30/2020 11:20:42 AM	Gathering partition schemes
3/30/2020 11:20:58 AM	Gathering functions
3/30/2020 11:21:48 AM	Gathering encrypted functions
3/30/2020 11:22:26 AM	Gathering aggregates
3/30/2020 11:22:38 AM	Gathering procedures
3/30/2020 11:23:03 AM	Gathering encrypted procedures
3/30/2020 11:23:30 AM	Gathering tables
3/30/2020 11:23:56 AM	Gathering primary keys
3/30/2020 11:23:56 AM	Gathering unique constraints
3/30/2020 11:23:56 AM	Gathering foreign keys
3/30/2020 11:23:56 AM	Gathering default constraints
3/30/2020 11:23:56 AM	Gathering check constraints
3/30/2020 11:24:14 AM	Gathering views
3/30/2020 11:24:15 AM	Gathering encrypted views
3/30/2020 11:24:15 AM	Gathering indexes
3/30/2020 11:24:15 AM	Gathering statistics
3/30/2020 11:24:15 AM	Gathering full-text index stoplists
3/30/2020 11:24:15 AM	Gathering search property lists
3/30/2020 11:24:15 AM	Gathering search properties
3/30/2020 11:24:16 AM	Gathering full-text indexes
3/30/2020 11:24:16 AM	Gathering column store indexes
3/30/2020 11:24:16 AM	Gathering spatial indexes
3/30/2020 11:24:17 AM	Gathering XML indexes
3/30/2020 11:24:17 AM	Gathering Selective XML indexes
3/30/2020 11:24:17 AM	Gathering encrypted triggers
3/30/2020 11:24:18 AM	Gathering triggers
3/30/2020 11:24:18 AM	Gathering encrypted and clr ddl triggers
3/30/2020 11:24:18 AM	Gathering ddl triggers
3/30/2020 11:24:18 AM	Creating edge constraints
3/30/2020 11:24:18 AM	Gathering synonyms
3/30/2020 11:24:34 AM	Gathering defaults
3/30/2020 11:24:34 AM	Gathering data constraint uddt bindings
3/30/2020 11:24:51 AM	Gathering rules
3/30/2020 11:24:51 AM	Gathering data constraint uddt bindings
3/30/2020 11:24:52 AM	Gathering message types
3/30/2020 11:24:52 AM	Gathering queues
3/30/2020 11:24:52 AM	Gathering contracts
3/30/2020 11:24:52 AM	Gathering services
3/30/2020 11:24:53 AM	Gathering event notifications
3/30/2020 11:24:53 AM	Gathering remote service bindings
3/30/2020 11:24:53 AM	Gathering broker priorities
3/30/2020 11:24:53 AM	Gathering signatures
3/30/2020 11:24:53 AM	Gathering data compression options
3/30/2020 11:24:53 AM	Gathering sequence types
3/30/2020 11:24:54 AM	Gathering security policies
3/30/2020 11:24:54 AM	Gather column encryption keys
3/30/2020 11:24:54 AM	Gathering column master keys
3/30/2020 11:24:54 AM	Gathering external data sources
3/30/2020 11:24:54 AM	Gathering external file formats
3/30/2020 11:24:54 AM	Gathering external tables
3/30/2020 11:24:54 AM	Gathering extended properties
3/30/2020 11:25:01 AM	Gathering credentials
3/30/2020 11:25:01 AM	Gathering logins
3/30/2020 11:25:01 AM	Gathering server audits
3/30/2020 11:25:02 AM	Scanning project for duplicate elements
3/30/2020 11:25:02 AM	Finished duplicate element processing
3/30/2020 11:25:03 AM	Finished importing database.
3/30/2020 11:25:03 AM	A summary of the import was saved to the following location: C:\Users\jlfly\Desktop\repos\dotnet-projects\Burgler\BurglerDatabase\Import Schema Logs\BurglerDatabase_20200330031926.log
3/30/2020 11:25:03 AM	Click Finish to continue...
